<?xml version="1.0" encoding="UTF-8"?>
<!-- Generated by org.testng.reporters.JUnitXMLReporter -->
<testsuite hostname="DESKTOP-PTK84VK" ignored="0" name="parallel test2" tests="2" failures="1" timestamp="2021-06-02T00:07:45 IST" time="60.066" errors="0">
  <testcase name="textVerification" time="19.019" classname="paralleltesting.ParallelTest2"/>
  <testcase name="additionVerification" time="9.698" classname="paralleltesting.ParallelTest2">
    <failure type="java.lang.AssertionError" message="The following asserts failed:
	Total verification = pass expected [210] but found [210]">
      <![CDATA[java.lang.AssertionError: The following asserts failed:
Total verification = pass expected [210] but found [210]
at paralleltesting.ParallelTest2.additionVerification(ParallelTest2.java:77)
at java.util.ArrayList.forEach(ArrayList.java:1259)
at java.util.concurrent.FutureTask.run(FutureTask.java:266)
at java.util.concurrent.ThreadPoolExecutor.runWorker(ThreadPoolExecutor.java:1149)
at java.util.concurrent.ThreadPoolExecutor$Worker.run(ThreadPoolExecutor.java:624)
at java.lang.Thread.run(Thread.java:748)
... Removed 20 stack frames]]>
    </failure>
  </testcase> <!-- additionVerification -->
</testsuite> <!-- parallel test2 -->
